<?xml version="1.0" encoding="UTF-8"?>
<!-- Generated by org.testng.reporters.JUnitXMLReporter -->
<testsuite hostname="ATMECSINDT-050" name="TestNG Test0" tests="1" failures="1" timestamp="19 Oct 2016 12:11:01 GMT" time="40.786" errors="0">
  <testcase name="testOne on [TestScript passed=0 failed=0 skipped=0]" time="14.946" classname="com.atmecs.falcon.module1.TestScript">
    <failure type="org.openqa.selenium.NoSuchElementException" message="An element could not be located on the page using the given search parameters. (WARNING: The server did not provide any stacktrace information)
Command duration or timeout: 14.91 seconds
For documentation on this error, please visit: http://seleniumhq.org/exceptions/no_such_element.html
Build info: version: &amp;apos;2.53.0&amp;apos;, revision: &amp;apos;35ae25b1534ae328c771e0856c93e187490ca824&amp;apos;, time: &amp;apos;2016-03-15 10:43:46&amp;apos;
System info: host: &amp;apos;ATMECSINDT-050&amp;apos;, ip: &amp;apos;10.1.21.112&amp;apos;, os.name: &amp;apos;Windows 7&amp;apos;, os.arch: &amp;apos;amd64&amp;apos;, os.version: &amp;apos;6.1&amp;apos;, java.version: &amp;apos;1.8.0_92&amp;apos;
Driver info: io.appium.java_client.android.AndroidDriver
Capabilities [{appPackage=com.jawbone.up, noReset=true, dontStopAppOnReset=, language=null, locale=null, deviceName=ZY222X5NMC, fullReset=false, platform=LINUX, desired={app=D:\NewFalconJawbone\falcon-mobile/applications/UP.apk, appPackage=com.jawbone.up, orientation=null, noReset=true, dontStopAppOnReset=, appiumVersion=null, appWaitPackage=, language=null, locale=null, deviceName=Android, fullReset=false, appActivity=com.jawbone.up.oobe.LaunchActivity, newCommandTimeout=, platformVersion=5.X, browserName=, platformName=Android}, newCommandTimeout=, platformVersion=6.0.1, webStorageEnabled=false, browserName=, takesScreenshot=true, javascriptEnabled=true, platformName=Android, app=D:\NewFalconJawbone\falcon-mobile/applications/UP.apk, networkConnectionEnabled=true, orientation=null, warnings={}, appiumVersion=null, appWaitPackage=, databaseEnabled=false, appActivity=com.jawbone.up.oobe.LaunchActivity, locationContextEnabled=false}]
Session ID: 9c8abf2d-adae-43c9-ba46-52c8a748f3cc
*** Element info: {Using=id, value=com.atmecs.falcon.falconapp:id/login_menu}">
      <![CDATA[org.openqa.selenium.NoSuchElementException: An element could not be located on the page using the given search parameters. (WARNING: The server did not provide any stacktrace information)
Command duration or timeout: 14.91 seconds
For documentation on this error, please visit: http://seleniumhq.org/exceptions/no_such_element.html
Build info: version: '2.53.0', revision: '35ae25b1534ae328c771e0856c93e187490ca824', time: '2016-03-15 10:43:46'
System info: host: 'ATMECSINDT-050', ip: '10.1.21.112', os.name: 'Windows 7', os.arch: 'amd64', os.version: '6.1', java.version: '1.8.0_92'
Driver info: io.appium.java_client.android.AndroidDriver
Capabilities [{appPackage=com.jawbone.up, noReset=true, dontStopAppOnReset=, language=null, locale=null, deviceName=ZY222X5NMC, fullReset=false, platform=LINUX, desired={app=D:\NewFalconJawbone\falcon-mobile/applications/UP.apk, appPackage=com.jawbone.up, orientation=null, noReset=true, dontStopAppOnReset=, appiumVersion=null, appWaitPackage=, language=null, locale=null, deviceName=Android, fullReset=false, appActivity=com.jawbone.up.oobe.LaunchActivity, newCommandTimeout=, platformVersion=5.X, browserName=, platformName=Android}, newCommandTimeout=, platformVersion=6.0.1, webStorageEnabled=false, browserName=, takesScreenshot=true, javascriptEnabled=true, platformName=Android, app=D:\NewFalconJawbone\falcon-mobile/applications/UP.apk, networkConnectionEnabled=true, orientation=null, warnings={}, appiumVersion=null, appWaitPackage=, databaseEnabled=false, appActivity=com.jawbone.up.oobe.LaunchActivity, locationContextEnabled=false}]
Session ID: 9c8abf2d-adae-43c9-ba46-52c8a748f3cc
*** Element info: {Using=id, value=com.atmecs.falcon.falconapp:id/login_menu}
	at sun.reflect.NativeConstructorAccessorImpl.newInstance0(Native Method)
	at sun.reflect.NativeConstructorAccessorImpl.newInstance(NativeConstructorAccessorImpl.java:62)
	at sun.reflect.DelegatingConstructorAccessorImpl.newInstance(DelegatingConstructorAccessorImpl.java:45)
	at java.lang.reflect.Constructor.newInstance(Constructor.java:423)
	at org.openqa.selenium.remote.ErrorHandler.createThrowable(ErrorHandler.java:206)
	at org.openqa.selenium.remote.ErrorHandler.throwIfResponseFailed(ErrorHandler.java:158)
	at org.openqa.selenium.remote.RemoteWebDriver.execute(RemoteWebDriver.java:678)
	at io.appium.java_client.DefaultGenericMobileDriver.execute(DefaultGenericMobileDriver.java:43)
	at io.appium.java_client.AppiumDriver.execute(AppiumDriver.java:1)
	at io.appium.java_client.android.AndroidDriver.execute(AndroidDriver.java:1)
	at org.openqa.selenium.remote.RemoteWebDriver.findElement(RemoteWebDriver.java:363)
	at org.openqa.selenium.remote.RemoteWebDriver.findElementById(RemoteWebDriver.java:413)
	at io.appium.java_client.DefaultGenericMobileDriver.findElementById(DefaultGenericMobileDriver.java:59)
	at io.appium.java_client.AppiumDriver.findElementById(AppiumDriver.java:1)
	at io.appium.java_client.android.AndroidDriver.findElementById(AndroidDriver.java:1)
	at org.openqa.selenium.By$ById.findElement(By.java:218)
	at org.openqa.selenium.remote.RemoteWebDriver.findElement(RemoteWebDriver.java:355)
	at io.appium.java_client.DefaultGenericMobileDriver.findElement(DefaultGenericMobileDriver.java:51)
	at io.appium.java_client.AppiumDriver.findElement(AppiumDriver.java:1)
	at io.appium.java_client.android.AndroidDriver.findElement(AndroidDriver.java:1)
	at com.atmecs.falcon.module1.TestScript.testOne(TestScript.java:12)
	at sun.reflect.NativeMethodAccessorImpl.invoke0(Native Method)
	at sun.reflect.NativeMethodAccessorImpl.invoke(NativeMethodAccessorImpl.java:62)
	at sun.reflect.DelegatingMethodAccessorImpl.invoke(DelegatingMethodAccessorImpl.java:43)
	at java.lang.reflect.Method.invoke(Method.java:498)
	at org.testng.internal.MethodInvocationHelper.invokeMethod(MethodInvocationHelper.java:86)
	at org.testng.internal.Invoker.invokeMethod(Invoker.java:643)
	at org.testng.internal.Invoker.invokeTestMethod(Invoker.java:820)
	at org.testng.internal.Invoker.invokeTestMethods(Invoker.java:1128)
	at org.testng.internal.TestMethodWorker.invokeTestMethods(TestMethodWorker.java:129)
	at org.testng.internal.TestMethodWorker.run(TestMethodWorker.java:112)
	at org.testng.TestRunner.privateRun(TestRunner.java:782)
	at org.testng.TestRunner.run(TestRunner.java:632)
	at org.testng.SuiteRunner.runTest(SuiteRunner.java:366)
	at org.testng.SuiteRunner.access$000(SuiteRunner.java:39)
	at org.testng.SuiteRunner$SuiteWorker.run(SuiteRunner.java:400)
	at org.testng.internal.thread.ThreadUtil$2.call(ThreadUtil.java:64)
	at java.util.concurrent.FutureTask.run(FutureTask.java:266)
	at java.util.concurrent.ThreadPoolExecutor.runWorker(ThreadPoolExecutor.java:1142)
	at java.util.concurrent.ThreadPoolExecutor$Worker.run(ThreadPoolExecutor.java:617)
	at java.lang.Thread.run(Thread.java:745)
]]>
    </failure>
  </testcase> <!-- testOne on [TestScript passed=0 failed=0 skipped=0] -->
</testsuite> <!-- TestNG Test0 -->
