<?xml version="1.0" encoding="UTF-8"?>
<!-- Generated by org.testng.reporters.JUnitXMLReporter -->
<testsuite hostname="ATMECSINDT-050" name="SignOut LandsOn WelcomeScreen" tests="1" failures="1" timestamp="7 Dec 2016 11:20:22 GMT" time="23.516" errors="0">
  <testcase name="setReminder on [SetReminder passed=0 failed=0 skipped=0]" time="0.671" classname="com.atmecs.falcon.reminder.SetReminder">
    <failure type="org.openqa.selenium.NoSuchElementException" message="An element could not be located on the page using the given search parameters. (WARNING: The server did not provide any stacktrace information)
Command duration or timeout: 671 milliseconds
For documentation on this error, please visit: http://seleniumhq.org/exceptions/no_such_element.html
Build info: version: &amp;apos;2.53.0&amp;apos;, revision: &amp;apos;35ae25b1534ae328c771e0856c93e187490ca824&amp;apos;, time: &amp;apos;2016-03-15 10:43:46&amp;apos;
System info: host: &amp;apos;ATMECSINDT-050&amp;apos;, ip: &amp;apos;50.50.50.86&amp;apos;, os.name: &amp;apos;Windows 7&amp;apos;, os.arch: &amp;apos;amd64&amp;apos;, os.version: &amp;apos;6.1&amp;apos;, java.version: &amp;apos;1.8.0_92&amp;apos;
Driver info: io.appium.java_client.android.AndroidDriver
Capabilities [{appPackage=com.jawbone.up, noReset=true, dontStopAppOnReset=, language=null, locale=null, deviceName=ZX1G429MW5, fullReset=false, platform=LINUX, desired={app=D:\NewFalconJawbone\falcon-mobile/applications/UP.apk, appPackage=com.jawbone.up, orientation=null, noReset=true, dontStopAppOnReset=, appiumVersion=null, appWaitPackage=, language=null, locale=null, deviceName=Android, fullReset=false, appActivity=com.jawbone.up.oobe.LaunchActivity, newCommandTimeout=, platformVersion=5.X, browserName=, platformName=Android}, newCommandTimeout=, platformVersion=6.0.1, webStorageEnabled=false, browserName=, takesScreenshot=true, javascriptEnabled=true, platformName=Android, app=D:\NewFalconJawbone\falcon-mobile/applications/UP.apk, networkConnectionEnabled=true, orientation=null, warnings={}, appiumVersion=null, appWaitPackage=, databaseEnabled=false, appActivity=com.jawbone.up.oobe.LaunchActivity, locationContextEnabled=false}]
Session ID: 0a9ff907-2f2e-4a56-9d33-470f21a8fb82
*** Element info: {Using=id, value=Navigate up}">
      <![CDATA[org.openqa.selenium.NoSuchElementException: An element could not be located on the page using the given search parameters. (WARNING: The server did not provide any stacktrace information)
Command duration or timeout: 671 milliseconds
For documentation on this error, please visit: http://seleniumhq.org/exceptions/no_such_element.html
Build info: version: '2.53.0', revision: '35ae25b1534ae328c771e0856c93e187490ca824', time: '2016-03-15 10:43:46'
System info: host: 'ATMECSINDT-050', ip: '50.50.50.86', os.name: 'Windows 7', os.arch: 'amd64', os.version: '6.1', java.version: '1.8.0_92'
Driver info: io.appium.java_client.android.AndroidDriver
Capabilities [{appPackage=com.jawbone.up, noReset=true, dontStopAppOnReset=, language=null, locale=null, deviceName=ZX1G429MW5, fullReset=false, platform=LINUX, desired={app=D:\NewFalconJawbone\falcon-mobile/applications/UP.apk, appPackage=com.jawbone.up, orientation=null, noReset=true, dontStopAppOnReset=, appiumVersion=null, appWaitPackage=, language=null, locale=null, deviceName=Android, fullReset=false, appActivity=com.jawbone.up.oobe.LaunchActivity, newCommandTimeout=, platformVersion=5.X, browserName=, platformName=Android}, newCommandTimeout=, platformVersion=6.0.1, webStorageEnabled=false, browserName=, takesScreenshot=true, javascriptEnabled=true, platformName=Android, app=D:\NewFalconJawbone\falcon-mobile/applications/UP.apk, networkConnectionEnabled=true, orientation=null, warnings={}, appiumVersion=null, appWaitPackage=, databaseEnabled=false, appActivity=com.jawbone.up.oobe.LaunchActivity, locationContextEnabled=false}]
Session ID: 0a9ff907-2f2e-4a56-9d33-470f21a8fb82
*** Element info: {Using=id, value=Navigate up}
	at org.openqa.selenium.remote.ErrorHandler.createThrowable(ErrorHandler.java:206)
	at org.openqa.selenium.remote.ErrorHandler.throwIfResponseFailed(ErrorHandler.java:158)
	at org.openqa.selenium.remote.RemoteWebDriver.execute(RemoteWebDriver.java:678)
	at io.appium.java_client.DefaultGenericMobileDriver.execute(DefaultGenericMobileDriver.java:43)
	at io.appium.java_client.AppiumDriver.execute(AppiumDriver.java:1)
	at io.appium.java_client.android.AndroidDriver.execute(AndroidDriver.java:1)
	at org.openqa.selenium.remote.RemoteWebDriver.findElement(RemoteWebDriver.java:363)
	at org.openqa.selenium.remote.RemoteWebDriver.findElementById(RemoteWebDriver.java:413)
	at io.appium.java_client.DefaultGenericMobileDriver.findElementById(DefaultGenericMobileDriver.java:59)
	at io.appium.java_client.AppiumDriver.findElementById(AppiumDriver.java:1)
	at io.appium.java_client.android.AndroidDriver.findElementById(AndroidDriver.java:1)
	at com.atmecs.falcon.reminder.SetReminder.setReminder(SetReminder.java:12)
	at com.atmecs.falcon.automation.appium.executor.MyTestExecutor.runMethodParallel(MyTestExecutor.java:193)
	at com.atmecs.falcon.automation.appium.executor.MyTestExecutor.runMethodParallelAppium(MyTestExecutor.java:237)
	at com.atmecs.falcon.automation.appium.manager.ParallelThread.runner(ParallelThread.java:41)
	at com.atmecs.falcon.automation.appium.manager.Runner.testApp(Runner.java:36)
	at com.atmecs.falcon.runner.TestNGRunner.main(TestNGRunner.java:125)
	at org.codehaus.mojo.exec.ExecJavaMojo$1.run(ExecJavaMojo.java:294)
	at java.lang.Thread.run(Thread.java:745)
... Removed 28 stack frames]]>
    </failure>
  </testcase> <!-- setReminder on [SetReminder passed=0 failed=0 skipped=0] -->
</testsuite> <!-- SignOut LandsOn WelcomeScreen -->
