<html>
<head>
<title>TestNG:  Send Three Days Duels From Friends Profile</title>
<link href="../testng.css" rel="stylesheet" type="text/css" />
<link href="../my-testng.css" rel="stylesheet" type="text/css" />

<style type="text/css">
.log { display: none;} 
.stack-trace { display: none;} 
</style>
<script type="text/javascript">
<!--
function flip(e) {
  current = e.style.display;
  if (current == 'block') {
    e.style.display = 'none';
    return 0;
  }
  else {
    e.style.display = 'block';
    return 1;
  }
}

function toggleBox(szDivId, elem, msg1, msg2)
{
  var res = -1;  if (document.getElementById) {
    res = flip(document.getElementById(szDivId));
  }
  else if (document.all) {
    // this is the way old msie versions work
    res = flip(document.all[szDivId]);
  }
  if(elem) {
    if(res == 0) elem.innerHTML = msg1; else elem.innerHTML = msg2;
  }

}

function toggleAllBoxes() {
  if (document.getElementsByTagName) {
    d = document.getElementsByTagName('div');
    for (i = 0; i < d.length; i++) {
      if (d[i].className == 'log') {
        flip(d[i]);
      }
    }
  }
}

// -->
</script>

</head>
<body>
<h2 align='center'>Send Three Days Duels From Friends Profile</h2><table border='1' align="center">
<tr>
<td>Tests passed/Failed/Skipped:</td><td>0/1/0</td>
</tr><tr>
<td>Started on:</td><td>Fri Jan 27 18:39:57 IST 2017</td>
</tr>
<tr><td>Total time:</td><td>52 seconds (52374 ms)</td>
</tr><tr>
<td>Included groups:</td><td></td>
</tr><tr>
<td>Excluded groups:</td><td></td>
</tr>
</table><p/>
<small><i>(Hover the method name to see the test class name)</i></small><p/>
<table width='100%' border='1' class='invocation-failed'>
<tr><td colspan='4' align='center'><b>FAILED TESTS</b></td></tr>
<tr><td><b>Test method</b></td>
<td width="30%"><b>Exception</b></td>
<td width="10%"><b>Time (seconds)</b></td>
<td><b>Instance</b></td>
</tr>
<tr>
<td title='com.atmecs.falcone.duels.SendThreeDaysDuelFromFriendsProfile.sendthreedaysDuelFromFriendsProfile()'><b>sendthreedaysDuelFromFriendsProfile</b><br>Test class: com.atmecs.falcone.duels.SendThreeDaysDuelFromFriendsProfile<br/>
<a href="#Output-1698899664" onClick='toggleBox("Output-1698899664", this, "Show output", "Hide output");'>Show output</a>

<a href="#Output-1698899664" onClick="toggleAllBoxes();">Show all outputs</a>
<div class='log' id="Output-1698899664">
Uploading Screenshot for failure to server<br/>
IMG : 502a4e8e-872c-4363-a597-41f06ee2e971<br/>
</div>
</td>
<td><div><pre>org.openqa.selenium.NoSuchElementException: An element could not be located on the page using the given search parameters. (WARNING: The server did not provide any stacktrace information)
Command duration or timeout: 935 milliseconds
For documentation on this error, please visit: http://seleniumhq.org/exceptions/no_such_element.html
Build info: version: &apos;2.53.0&apos;, revision: &apos;35ae25b1534ae328c771e0856c93e187490ca824&apos;, time: &apos;2016-03-15 10:43:46&apos;
System info: host: &apos;ATMECSINDT-050&apos;, ip: &apos;10.1.20.57&apos;, os.name: &apos;Windows 7&apos;, os.arch: &apos;amd64&apos;, os.version: &apos;6.1&apos;, java.version: &apos;1.8.0_92&apos;
Driver info: io.appium.java_client.android.AndroidDriver
Capabilities [{appPackage=com.jawbone.up, noReset=true, dontStopAppOnReset=, language=null, locale=null, deviceName=ZX1G429KVD, fullReset=false, platform=LINUX, desired={app=D:\NewFalconJawbone\falcon-mobile/applications/UP.apk, appPackage=com.jawbone.up, orientation=null, noReset=true, dontStopAppOnReset=, appiumVersion=null, appWaitPackage=, language=null, locale=null, deviceName=Android, fullReset=false, appActivity=com.jawbone.up.oobe.LaunchActivity, newCommandTimeout=, platformVersion=5.X, browserName=, platformName=Android}, newCommandTimeout=, platformVersion=6.0.1, webStorageEnabled=false, browserName=, takesScreenshot=true, javascriptEnabled=true, platformName=Android, app=D:\NewFalconJawbone\falcon-mobile/applications/UP.apk, networkConnectionEnabled=true, orientation=null, warnings={}, appiumVersion=null, appWaitPackage=, databaseEnabled=false, appActivity=com.jawbone.up.oobe.LaunchActivity, locationContextEnabled=false}]
Session ID: 96236311-d188-4466-a8c3-fb32becc48fe
*** Element info: {Using=id, value=com.jawbone.up:id/start_duel}
	at org.openqa.selenium.remote.ErrorHandler.createThrowable(ErrorHandler.java:206)
	at org.openqa.selenium.remote.ErrorHandler.throwIfResponseFailed(ErrorHandler.java:158)
	at org.openqa.selenium.remote.RemoteWebDriver.execute(RemoteWebDriver.java:678)
	at io.appium.java_client.DefaultGenericMobileDriver.execute(DefaultGenericMobileDriver.java:43)
	at io.appium.java_client.AppiumDriver.execute(AppiumDriver.java:1)
	at io.appium.java_client.android.AndroidDriver.execute(AndroidDriver.java:1)
	at org.openqa.selenium.remote.RemoteWebDriver.findElement(RemoteWebDriver.java:363)
	at org.openqa.selenium.remote.RemoteWebDriver.findElementById(RemoteWebDriver.java:413)
	at io.appium.java_client.DefaultGenericMobileDriver.findElementById(DefaultGenericMobileDriver.java:59)
	at io.appium.java_client.AppiumDriver.findElementById(AppiumDriver.java:1)
	at io.appium.java_client.android.AndroidDriver.findElementById(AndroidDriver.java:1)
	at com.atmecs.falcon.testfunction.CommonMethods.sendDuelsFromFriendsProfile(CommonMethods.java:147)
	at com.atmecs.falcone.duels.SendThreeDaysDuelFromFriendsProfile.sendthreedaysDuelFromFriendsProfile(SendThreeDaysDuelFromFriendsProfile.java:23)
	at com.atmecs.falcon.automation.appium.executor.MyTestExecutor.runMethodParallel(MyTestExecutor.java:193)
	at com.atmecs.falcon.automation.appium.executor.MyTestExecutor.runMethodParallelAppium(MyTestExecutor.java:237)
	at com.atmecs.falcon.automation.appium.manager.ParallelThread.runner(ParallelThread.java:41)
	at com.atmecs.falcon.automation.appium.manager.Runner.testApp(Runner.java:36)
	at com.atmecs.falcon.runner.TestNGRunner.main(TestNGRunner.java:125)
	at org.codehaus.mojo.exec.ExecJavaMojo$1.run(ExecJavaMojo.java:294)
	at java.lang.Thread.run(Thread.java:745)
... Removed 29 stack frames</pre></div><a href='#' onClick='toggleBox("stack-trace1698899664", this, "Click to show all stack frames", "Click to hide stack frames")'>Click to show all stack frames</a>
<div class='stack-trace' id='stack-trace1698899664'><pre>org.openqa.selenium.NoSuchElementException: An element could not be located on the page using the given search parameters. (WARNING: The server did not provide any stacktrace information)
Command duration or timeout: 935 milliseconds
For documentation on this error, please visit: http://seleniumhq.org/exceptions/no_such_element.html
Build info: version: &apos;2.53.0&apos;, revision: &apos;35ae25b1534ae328c771e0856c93e187490ca824&apos;, time: &apos;2016-03-15 10:43:46&apos;
System info: host: &apos;ATMECSINDT-050&apos;, ip: &apos;10.1.20.57&apos;, os.name: &apos;Windows 7&apos;, os.arch: &apos;amd64&apos;, os.version: &apos;6.1&apos;, java.version: &apos;1.8.0_92&apos;
Driver info: io.appium.java_client.android.AndroidDriver
Capabilities [{appPackage=com.jawbone.up, noReset=true, dontStopAppOnReset=, language=null, locale=null, deviceName=ZX1G429KVD, fullReset=false, platform=LINUX, desired={app=D:\NewFalconJawbone\falcon-mobile/applications/UP.apk, appPackage=com.jawbone.up, orientation=null, noReset=true, dontStopAppOnReset=, appiumVersion=null, appWaitPackage=, language=null, locale=null, deviceName=Android, fullReset=false, appActivity=com.jawbone.up.oobe.LaunchActivity, newCommandTimeout=, platformVersion=5.X, browserName=, platformName=Android}, newCommandTimeout=, platformVersion=6.0.1, webStorageEnabled=false, browserName=, takesScreenshot=true, javascriptEnabled=true, platformName=Android, app=D:\NewFalconJawbone\falcon-mobile/applications/UP.apk, networkConnectionEnabled=true, orientation=null, warnings={}, appiumVersion=null, appWaitPackage=, databaseEnabled=false, appActivity=com.jawbone.up.oobe.LaunchActivity, locationContextEnabled=false}]
Session ID: 96236311-d188-4466-a8c3-fb32becc48fe
*** Element info: {Using=id, value=com.jawbone.up:id/start_duel}
	at sun.reflect.NativeConstructorAccessorImpl.newInstance0(Native Method)
	at sun.reflect.NativeConstructorAccessorImpl.newInstance(NativeConstructorAccessorImpl.java:62)
	at sun.reflect.DelegatingConstructorAccessorImpl.newInstance(DelegatingConstructorAccessorImpl.java:45)
	at java.lang.reflect.Constructor.newInstance(Constructor.java:423)
	at org.openqa.selenium.remote.ErrorHandler.createThrowable(ErrorHandler.java:206)
	at org.openqa.selenium.remote.ErrorHandler.throwIfResponseFailed(ErrorHandler.java:158)
	at org.openqa.selenium.remote.RemoteWebDriver.execute(RemoteWebDriver.java:678)
	at io.appium.java_client.DefaultGenericMobileDriver.execute(DefaultGenericMobileDriver.java:43)
	at io.appium.java_client.AppiumDriver.execute(AppiumDriver.java:1)
	at io.appium.java_client.android.AndroidDriver.execute(AndroidDriver.java:1)
	at org.openqa.selenium.remote.RemoteWebDriver.findElement(RemoteWebDriver.java:363)
	at org.openqa.selenium.remote.RemoteWebDriver.findElementById(RemoteWebDriver.java:413)
	at io.appium.java_client.DefaultGenericMobileDriver.findElementById(DefaultGenericMobileDriver.java:59)
	at io.appium.java_client.AppiumDriver.findElementById(AppiumDriver.java:1)
	at io.appium.java_client.android.AndroidDriver.findElementById(AndroidDriver.java:1)
	at com.atmecs.falcon.testfunction.CommonMethods.sendDuelsFromFriendsProfile(CommonMethods.java:147)
	at com.atmecs.falcone.duels.SendThreeDaysDuelFromFriendsProfile.sendthreedaysDuelFromFriendsProfile(SendThreeDaysDuelFromFriendsProfile.java:23)
	at sun.reflect.NativeMethodAccessorImpl.invoke0(Native Method)
	at sun.reflect.NativeMethodAccessorImpl.invoke(NativeMethodAccessorImpl.java:62)
	at sun.reflect.DelegatingMethodAccessorImpl.invoke(DelegatingMethodAccessorImpl.java:43)
	at java.lang.reflect.Method.invoke(Method.java:498)
	at org.testng.internal.MethodInvocationHelper.invokeMethod(MethodInvocationHelper.java:86)
	at org.testng.internal.Invoker.invokeMethod(Invoker.java:643)
	at org.testng.internal.Invoker.invokeTestMethod(Invoker.java:820)
	at org.testng.internal.Invoker.invokeTestMethods(Invoker.java:1128)
	at org.testng.internal.TestMethodWorker.invokeTestMethods(TestMethodWorker.java:129)
	at org.testng.internal.TestMethodWorker.run(TestMethodWorker.java:112)
	at org.testng.TestRunner.privateRun(TestRunner.java:782)
	at org.testng.TestRunner.run(TestRunner.java:632)
	at org.testng.SuiteRunner.runTest(SuiteRunner.java:366)
	at org.testng.SuiteRunner.runSequentially(SuiteRunner.java:361)
	at org.testng.SuiteRunner.privateRun(SuiteRunner.java:319)
	at org.testng.SuiteRunner.run(SuiteRunner.java:268)
	at org.testng.SuiteRunnerWorker.runSuite(SuiteRunnerWorker.java:52)
	at org.testng.SuiteRunnerWorker.run(SuiteRunnerWorker.java:86)
	at org.testng.TestNG.runSuitesSequentially(TestNG.java:1244)
	at org.testng.TestNG.runSuitesLocally(TestNG.java:1169)
	at org.testng.TestNG.run(TestNG.java:1064)
	at com.atmecs.falcon.automation.appium.executor.MyTestExecutor.runMethodParallel(MyTestExecutor.java:193)
	at com.atmecs.falcon.automation.appium.executor.MyTestExecutor.runMethodParallelAppium(MyTestExecutor.java:237)
	at com.atmecs.falcon.automation.appium.manager.ParallelThread.runner(ParallelThread.java:41)
	at com.atmecs.falcon.automation.appium.manager.Runner.testApp(Runner.java:36)
	at com.atmecs.falcon.runner.TestNGRunner.main(TestNGRunner.java:125)
	at sun.reflect.NativeMethodAccessorImpl.invoke0(Native Method)
	at sun.reflect.NativeMethodAccessorImpl.invoke(NativeMethodAccessorImpl.java:62)
	at sun.reflect.DelegatingMethodAccessorImpl.invoke(DelegatingMethodAccessorImpl.java:43)
	at java.lang.reflect.Method.invoke(Method.java:498)
	at org.codehaus.mojo.exec.ExecJavaMojo$1.run(ExecJavaMojo.java:294)
	at java.lang.Thread.run(Thread.java:745)
</pre></div></td>
<td>28</td>
<td>[SendThreeDaysDuelFromFriendsProfile passed=0 failed=0 skipped=0]</td></tr>
</table><p>
</body>
</html>