<?xml version="1.0" encoding="UTF-8"?>
<!-- Generated by org.testng.reporters.JUnitReportReporter -->
<testsuite hostname="ATMECSINDT-050" name="com.atmecs.falcone.duels.SendThreeDaysDuelFromFriendsProfile" tests="1" failures="0" timestamp="27 Jan 2017 13:12:45 GMT" time="45.499" errors="1">
  <testcase name="sendthreedaysDuelFromFriendsProfile" time="45.499" classname="com.atmecs.falcone.duels.SendThreeDaysDuelFromFriendsProfile">
    <error type="org.openqa.selenium.NoSuchElementException" message="An element could not be located on the page using the given search parameters. (WARNING: The server did not provide any stacktrace information)
Command duration or timeout: 935 milliseconds
For documentation on this error, please visit: http://seleniumhq.org/exceptions/no_such_element.html
Build info: version: &#039;2.53.0&#039;, revision: &#039;35ae25b1534ae328c771e0856c93e187490ca824&#039;, time: &#039;2016-03-15 10:43:46&#039;
System info: host: &#039;ATMECSINDT-050&#039;, ip: &#039;10.1.20.57&#039;, os.name: &#039;Windows 7&#039;, os.arch: &#039;amd64&#039;, os.version: &#039;6.1&#039;, java.version: &#039;1.8.0_92&#039;
Driver info: io.appium.java_client.android.AndroidDriver
Capabilities [{appPackage=com.jawbone.up, noReset=true, dontStopAppOnReset=, language=null, locale=null, deviceName=ZX1G429KVD, fullReset=false, platform=LINUX, desired={app=D:\NewFalconJawbone\falcon-mobile/applications/UP.apk, appPackage=com.jawbone.up, orientation=null, noReset=true, dontStopAppOnReset=, appiumVersion=null, appWaitPackage=, language=null, locale=null, deviceName=Android, fullReset=false, appActivity=com.jawbone.up.oobe.LaunchActivity, newCommandTimeout=, platformVersion=5.X, browserName=, platformName=Android}, newCommandTimeout=, platformVersion=6.0.1, webStorageEnabled=false, browserName=, takesScreenshot=true, javascriptEnabled=true, platformName=Android, app=D:\NewFalconJawbone\falcon-mobile/applications/UP.apk, networkConnectionEnabled=true, orientation=null, warnings={}, appiumVersion=null, appWaitPackage=, databaseEnabled=false, appActivity=com.jawbone.up.oobe.LaunchActivity, locationContextEnabled=false}]
Session ID: 96236311-d188-4466-a8c3-fb32becc48fe
*** Element info: {Using=id, value=com.jawbone.up:id/start_duel}">
      <![CDATA[org.openqa.selenium.NoSuchElementException: An element could not be located on the page using the given search parameters. (WARNING: The server did not provide any stacktrace information)
Command duration or timeout: 935 milliseconds
For documentation on this error, please visit: http://seleniumhq.org/exceptions/no_such_element.html
Build info: version: '2.53.0', revision: '35ae25b1534ae328c771e0856c93e187490ca824', time: '2016-03-15 10:43:46'
System info: host: 'ATMECSINDT-050', ip: '10.1.20.57', os.name: 'Windows 7', os.arch: 'amd64', os.version: '6.1', java.version: '1.8.0_92'
Driver info: io.appium.java_client.android.AndroidDriver
Capabilities [{appPackage=com.jawbone.up, noReset=true, dontStopAppOnReset=, language=null, locale=null, deviceName=ZX1G429KVD, fullReset=false, platform=LINUX, desired={app=D:\NewFalconJawbone\falcon-mobile/applications/UP.apk, appPackage=com.jawbone.up, orientation=null, noReset=true, dontStopAppOnReset=, appiumVersion=null, appWaitPackage=, language=null, locale=null, deviceName=Android, fullReset=false, appActivity=com.jawbone.up.oobe.LaunchActivity, newCommandTimeout=, platformVersion=5.X, browserName=, platformName=Android}, newCommandTimeout=, platformVersion=6.0.1, webStorageEnabled=false, browserName=, takesScreenshot=true, javascriptEnabled=true, platformName=Android, app=D:\NewFalconJawbone\falcon-mobile/applications/UP.apk, networkConnectionEnabled=true, orientation=null, warnings={}, appiumVersion=null, appWaitPackage=, databaseEnabled=false, appActivity=com.jawbone.up.oobe.LaunchActivity, locationContextEnabled=false}]
Session ID: 96236311-d188-4466-a8c3-fb32becc48fe
*** Element info: {Using=id, value=com.jawbone.up:id/start_duel}
	at sun.reflect.NativeConstructorAccessorImpl.newInstance0(Native Method)
	at sun.reflect.NativeConstructorAccessorImpl.newInstance(NativeConstructorAccessorImpl.java:62)
	at sun.reflect.DelegatingConstructorAccessorImpl.newInstance(DelegatingConstructorAccessorImpl.java:45)
	at java.lang.reflect.Constructor.newInstance(Constructor.java:423)
	at org.openqa.selenium.remote.ErrorHandler.createThrowable(ErrorHandler.java:206)
	at org.openqa.selenium.remote.ErrorHandler.throwIfResponseFailed(ErrorHandler.java:158)
	at org.openqa.selenium.remote.RemoteWebDriver.execute(RemoteWebDriver.java:678)
	at io.appium.java_client.DefaultGenericMobileDriver.execute(DefaultGenericMobileDriver.java:43)
	at io.appium.java_client.AppiumDriver.execute(AppiumDriver.java:1)
	at io.appium.java_client.android.AndroidDriver.execute(AndroidDriver.java:1)
	at org.openqa.selenium.remote.RemoteWebDriver.findElement(RemoteWebDriver.java:363)
	at org.openqa.selenium.remote.RemoteWebDriver.findElementById(RemoteWebDriver.java:413)
	at io.appium.java_client.DefaultGenericMobileDriver.findElementById(DefaultGenericMobileDriver.java:59)
	at io.appium.java_client.AppiumDriver.findElementById(AppiumDriver.java:1)
	at io.appium.java_client.android.AndroidDriver.findElementById(AndroidDriver.java:1)
	at com.atmecs.falcon.testfunction.CommonMethods.sendDuelsFromFriendsProfile(CommonMethods.java:147)
	at com.atmecs.falcone.duels.SendThreeDaysDuelFromFriendsProfile.sendthreedaysDuelFromFriendsProfile(SendThreeDaysDuelFromFriendsProfile.java:23)
	at sun.reflect.NativeMethodAccessorImpl.invoke0(Native Method)
	at sun.reflect.NativeMethodAccessorImpl.invoke(NativeMethodAccessorImpl.java:62)
	at sun.reflect.DelegatingMethodAccessorImpl.invoke(DelegatingMethodAccessorImpl.java:43)
	at java.lang.reflect.Method.invoke(Method.java:498)
	at org.testng.internal.MethodInvocationHelper.invokeMethod(MethodInvocationHelper.java:86)
	at org.testng.internal.Invoker.invokeMethod(Invoker.java:643)
	at org.testng.internal.Invoker.invokeTestMethod(Invoker.java:820)
	at org.testng.internal.Invoker.invokeTestMethods(Invoker.java:1128)
	at org.testng.internal.TestMethodWorker.invokeTestMethods(TestMethodWorker.java:129)
	at org.testng.internal.TestMethodWorker.run(TestMethodWorker.java:112)
	at org.testng.TestRunner.privateRun(TestRunner.java:782)
	at org.testng.TestRunner.run(TestRunner.java:632)
	at org.testng.SuiteRunner.runTest(SuiteRunner.java:366)
	at org.testng.SuiteRunner.runSequentially(SuiteRunner.java:361)
	at org.testng.SuiteRunner.privateRun(SuiteRunner.java:319)
	at org.testng.SuiteRunner.run(SuiteRunner.java:268)
	at org.testng.SuiteRunnerWorker.runSuite(SuiteRunnerWorker.java:52)
	at org.testng.SuiteRunnerWorker.run(SuiteRunnerWorker.java:86)
	at org.testng.TestNG.runSuitesSequentially(TestNG.java:1244)
	at org.testng.TestNG.runSuitesLocally(TestNG.java:1169)
	at org.testng.TestNG.run(TestNG.java:1064)
	at com.atmecs.falcon.automation.appium.executor.MyTestExecutor.runMethodParallel(MyTestExecutor.java:193)
	at com.atmecs.falcon.automation.appium.executor.MyTestExecutor.runMethodParallelAppium(MyTestExecutor.java:237)
	at com.atmecs.falcon.automation.appium.manager.ParallelThread.runner(ParallelThread.java:41)
	at com.atmecs.falcon.automation.appium.manager.Runner.testApp(Runner.java:36)
	at com.atmecs.falcon.runner.TestNGRunner.main(TestNGRunner.java:125)
	at sun.reflect.NativeMethodAccessorImpl.invoke0(Native Method)
	at sun.reflect.NativeMethodAccessorImpl.invoke(NativeMethodAccessorImpl.java:62)
	at sun.reflect.DelegatingMethodAccessorImpl.invoke(DelegatingMethodAccessorImpl.java:43)
	at java.lang.reflect.Method.invoke(Method.java:498)
	at org.codehaus.mojo.exec.ExecJavaMojo$1.run(ExecJavaMojo.java:294)
	at java.lang.Thread.run(Thread.java:745)
]]>
    </error>
  </testcase> <!-- sendthreedaysDuelFromFriendsProfile -->
</testsuite> <!-- com.atmecs.falcone.duels.SendThreeDaysDuelFromFriendsProfile -->
